This is pdfTeX, Version 3.14159265-2.6-1.40.18 (MiKTeX 2.9.6350 64-bit) (preloaded format=pdflatex 2017.11.7)  18 SEP 2018 22:28
entering extended mode
**./asme2ej.tex
(asme2ej.tex
LaTeX2e <2017-04-15>
Babel <3.10> and hyphenation patterns for 75 language(s) loaded.
(asme2ej.cls

LaTeX Warning: You have requested document class `asme2ej',
               but the document class provides `asme2e'.

Document Class: asme2e 2001/2/14 v2.0 Standard LaTeX document class
("C:\Program Files\MiKTeX 2.9\tex\latex\base\ifthen.sty"
Package: ifthen 2014/09/29 v1.1c Standard LaTeX ifthen package (DPC)
)
("C:\Program Files\MiKTeX 2.9\tex\latex\psnfss\times.sty"
Package: times 2005/04/12 PSNFSS-v9.2a (SPQR) 
)
("C:\Program Files\MiKTeX 2.9\tex\latex\psnfss\mathptm.sty"
Package: mathptm 2005/04/12 PSNFSS-v9.2a Times w/ Math (SPQR, WaS) 


Package mathptm Warning: This package is to be regarded as obsolete.
(mathptm)                See the PSNFSS documentation.

LaTeX Font Info:    Redeclaring symbol font `operators' on input line 31.
LaTeX Font Info:    Overwriting symbol font `operators' in version `normal'
(Font)                  OT1/cmr/m/n --> OT1/ptmcm/m/n on input line 31.
LaTeX Font Info:    Overwriting symbol font `operators' in version `bold'
(Font)                  OT1/cmr/bx/n --> OT1/ptmcm/m/n on input line 31.
LaTeX Font Info:    Redeclaring symbol font `letters' on input line 32.
LaTeX Font Info:    Overwriting symbol font `letters' in version `normal'
(Font)                  OML/cmm/m/it --> OML/ptmcm/m/it on input line 32.
LaTeX Font Info:    Overwriting symbol font `letters' in version `bold'
(Font)                  OML/cmm/b/it --> OML/ptmcm/m/it on input line 32.
LaTeX Font Info:    Redeclaring symbol font `symbols' on input line 33.
LaTeX Font Info:    Overwriting symbol font `symbols' in version `normal'
(Font)                  OMS/cmsy/m/n --> OMS/pzccm/m/n on input line 33.
LaTeX Font Info:    Overwriting symbol font `symbols' in version `bold'
(Font)                  OMS/cmsy/b/n --> OMS/pzccm/m/n on input line 33.
LaTeX Font Info:    Redeclaring symbol font `largesymbols' on input line 34.
LaTeX Font Info:    Overwriting symbol font `largesymbols' in version `normal'
(Font)                  OMX/cmex/m/n --> OMX/psycm/m/n on input line 34.
LaTeX Font Info:    Overwriting symbol font `largesymbols' in version `bold'
(Font)                  OMX/cmex/m/n --> OMX/psycm/m/n on input line 34.
\symbold=\mathgroup4
\symitalic=\mathgroup5
LaTeX Font Info:    Redeclaring math alphabet \mathbf on input line 37.
LaTeX Font Info:    Overwriting math alphabet `\mathbf' in version `normal'
(Font)                  OT1/cmr/bx/n --> OT1/ptm/bx/n on input line 37.
LaTeX Font Info:    Overwriting math alphabet `\mathbf' in version `bold'
(Font)                  OT1/cmr/bx/n --> OT1/ptm/bx/n on input line 37.
LaTeX Font Info:    Redeclaring math alphabet \mathit on input line 38.
LaTeX Font Info:    Overwriting math alphabet `\mathit' in version `normal'
(Font)                  OT1/cmr/m/it --> OT1/ptm/m/it on input line 38.
LaTeX Font Info:    Overwriting math alphabet `\mathit' in version `bold'
(Font)                  OT1/cmr/bx/it --> OT1/ptm/m/it on input line 38.
) ("C:\Program Files\MiKTeX 2.9\tex\generic\oberdiek\ifpdf.sty"
Package: ifpdf 2017/03/15 v3.2 Provides the ifpdf switch
)
Eleven Point
LaTeX Font Info:    Try loading font information for OT1+phv on input line 301.

("C:\Program Files\MiKTeX 2.9\tex\latex\psnfss\ot1phv.fd"
File: ot1phv.fd 2001/06/04 scalable font definitions for OT1/phv.
)
\c@part=\count79
\c@section=\count80
\c@subsection=\count81
\c@subsubsection=\count82
\c@paragraph=\count83
\c@subparagraph=\count84
\tempbox=\box26
\c@figure=\count85
\c@table=\count86
\@authcnt=\count87
\@tmpcnt=\count88
\bibindent=\dimen102
\tempbox=\box27
\minute=\count89
\hour=\count90
)
("C:\Program Files\MiKTeX 2.9\tex\latex\base\fontenc.sty"
Package: fontenc 2017/04/05 v2.0i Standard LaTeX package

("C:\Program Files\MiKTeX 2.9\tex\latex\base\t1enc.def"
File: t1enc.def 2017/04/05 v2.0i Standard LaTeX file
LaTeX Font Info:    Redeclaring font encoding T1 on input line 48.
))
("C:\Program Files\MiKTeX 2.9\tex\latex\graphics\graphics.sty"
Package: graphics 2017/04/14 v1.1b Standard LaTeX Graphics (DPC,SPQR)

("C:\Program Files\MiKTeX 2.9\tex\latex\graphics\trig.sty"
Package: trig 2016/01/03 v1.10 sin cos tan (DPC)
)
("C:\Program Files\MiKTeX 2.9\tex\latex\graphics-cfg\graphics.cfg"
File: graphics.cfg 2016/06/04 v1.11 sample graphics configuration
)
Package graphics Info: Driver file: pdftex.def on input line 99.

("C:\Program Files\MiKTeX 2.9\tex\latex\graphics-def\pdftex.def"
File: pdftex.def 2017/01/12 v0.06k Graphics/color for pdfTeX

("C:\Program Files\MiKTeX 2.9\tex\generic\oberdiek\infwarerr.sty"
Package: infwarerr 2016/05/16 v1.4 Providing info/warning/error messages (HO)
)
("C:\Program Files\MiKTeX 2.9\tex\generic\oberdiek\ltxcmds.sty"
Package: ltxcmds 2016/05/16 v1.23 LaTeX kernel commands for general use (HO)
)
\Gread@gobject=\count91
))
("C:\Program Files\MiKTeX 2.9\tex\latex\graphics\graphicx.sty"
Package: graphicx 2014/10/28 v1.0g Enhanced LaTeX Graphics (DPC,SPQR)

("C:\Program Files\MiKTeX 2.9\tex\latex\graphics\keyval.sty"
Package: keyval 2014/10/28 v1.15 key=value parser (DPC)
\KV@toks@=\toks14
)
\Gin@req@height=\dimen103
\Gin@req@width=\dimen104
)
("C:\Program Files\MiKTeX 2.9\tex\latex\amsmath\amsmath.sty"
Package: amsmath 2016/11/05 v2.16a AMS math features
\@mathmargin=\skip41

For additional information on amsmath, use the `?' option.
("C:\Program Files\MiKTeX 2.9\tex\latex\amsmath\amstext.sty"
Package: amstext 2000/06/29 v2.01 AMS text

("C:\Program Files\MiKTeX 2.9\tex\latex\amsmath\amsgen.sty"
File: amsgen.sty 1999/11/30 v2.0 generic functions
\@emptytoks=\toks15
\ex@=\dimen105
))
("C:\Program Files\MiKTeX 2.9\tex\latex\amsmath\amsbsy.sty"
Package: amsbsy 1999/11/29 v1.2d Bold Symbols
\pmbraise@=\dimen106
)
("C:\Program Files\MiKTeX 2.9\tex\latex\amsmath\amsopn.sty"
Package: amsopn 2016/03/08 v2.02 operator names
)
\inf@bad=\count92
LaTeX Info: Redefining \frac on input line 213.
\uproot@=\count93
\leftroot@=\count94
LaTeX Info: Redefining \overline on input line 375.
\classnum@=\count95
\DOTSCASE@=\count96
LaTeX Info: Redefining \ldots on input line 472.
LaTeX Info: Redefining \dots on input line 475.
LaTeX Info: Redefining \cdots on input line 596.
\Mathstrutbox@=\box28
\strutbox@=\box29
\big@size=\dimen107
LaTeX Font Info:    Redeclaring font encoding OML on input line 712.
LaTeX Font Info:    Redeclaring font encoding OMS on input line 713.
\macc@depth=\count97
\c@MaxMatrixCols=\count98
\dotsspace@=\muskip10
\c@parentequation=\count99
\dspbrk@lvl=\count100
\tag@help=\toks16
\row@=\count101
\column@=\count102
\maxfields@=\count103
\andhelp@=\toks17
\eqnshift@=\dimen108
\alignsep@=\dimen109
\tagshift@=\dimen110
\tagwidth@=\dimen111
\totwidth@=\dimen112
\lineht@=\dimen113
\@envbody=\toks18
\multlinegap=\skip42
\multlinetaggap=\skip43
\mathdisplay@stack=\toks19
LaTeX Info: Redefining \[ on input line 2817.
LaTeX Info: Redefining \] on input line 2818.
)
("C:\Program Files\MiKTeX 2.9\tex\latex\tools\array.sty"
Package: array 2016/10/06 v2.4d Tabular extension package (FMi)
\col@sep=\dimen114
\extrarowheight=\dimen115
\NC@list=\toks20
\extratabsurround=\skip44
\backup@length=\skip45
)
("C:\Program Files\MiKTeX 2.9\tex\latex\multirow\multirow.sty"
Package: multirow 2016/11/25 v2.2 Span multiple rows of a table
\multirow@colwidth=\skip46
\multirow@cntb=\count104
\multirow@dima=\skip47
\bigstrutjot=\dimen116
)
("C:\Program Files\MiKTeX 2.9\tex\latex\graphics\color.sty"
Package: color 2016/07/10 v1.1e Standard LaTeX Color (DPC)

("C:\Program Files\MiKTeX 2.9\tex\latex\graphics-cfg\color.cfg"
File: color.cfg 2016/01/02 v1.6 sample color configuration
)
Package color Info: Driver file: pdftex.def on input line 147.
)
("C:\Program Files\MiKTeX 2.9\tex\latex\numprint\numprint.sty"
Package: numprint 2012/08/20 v1.39 Print numbers (HH)
\c@nprt@mantissa@digitsbefore=\count105
\c@nprt@mantissa@digitsafter=\count106
\c@nprt@exponent@digitsbefore=\count107
\c@nprt@exponent@digitsafter=\count108
\nprt@digitwidth=\skip48
\nprt@sepwidth=\skip49
\nprt@decimalwidth=\skip50
\nprt@blockwidth=\skip51
\nprt@digittoks=\toks21
\nprt@pretoks=\toks22
\nprt@posttoks=\toks23
\nprt@thisdigit=\count109
\nprt@curpos=\count110
\nprt@rndpos=\count111
\c@nprt@digitsfirstblock=\count112
\c@nprt@blockcnt=\count113
\c@nprt@cntprint=\count114

No configuration file `numprint.cfg' found.)
("C:\Program Files\MiKTeX 2.9\tex\latex\etoolbox\etoolbox.sty"
Package: etoolbox 2017/01/02 v2.4 e-TeX tools for LaTeX (JAW)
\etb@tempcnta=\count115
) (asme2ej.aux

LaTeX Warning: Label `table_ASME' multiply defined.


LaTeX Warning: Label `table_ASME' multiply defined.


LaTeX Warning: Label `table_ASME' multiply defined.


LaTeX Warning: Label `table_ASME' multiply defined.

)
\openout1 = `asme2ej.aux'.

LaTeX Font Info:    Checking defaults for OML/cmm/m/it on input line 73.
LaTeX Font Info:    ... okay on input line 73.
LaTeX Font Info:    Checking defaults for T1/cmr/m/n on input line 73.
LaTeX Font Info:    ... okay on input line 73.
LaTeX Font Info:    Checking defaults for OT1/cmr/m/n on input line 73.
LaTeX Font Info:    ... okay on input line 73.
LaTeX Font Info:    Checking defaults for OMS/cmsy/m/n on input line 73.
LaTeX Font Info:    ... okay on input line 73.
LaTeX Font Info:    Checking defaults for OMX/cmex/m/n on input line 73.
LaTeX Font Info:    ... okay on input line 73.
LaTeX Font Info:    Checking defaults for U/cmr/m/n on input line 73.
LaTeX Font Info:    ... okay on input line 73.
LaTeX Font Info:    Try loading font information for T1+ptm on input line 73.
 ("C:\Program Files\MiKTeX 2.9\tex\latex\psnfss\t1ptm.fd"
File: t1ptm.fd 2001/06/04 font definitions for T1/ptm.
)
("C:\Program Files\MiKTeX 2.9\tex\context\base\supp-pdf.mkii"
[Loading MPS to PDF converter (version 2006.09.02).]
\scratchcounter=\count116
\scratchdimen=\dimen117
\scratchbox=\box30
\nofMPsegments=\count117
\nofMParguments=\count118
\everyMPshowfont=\toks24
\MPscratchCnt=\count119
\MPscratchDim=\dimen118
\MPnumerator=\count120
\makeMPintoPDFobject=\count121
\everyMPtoPDFconversion=\toks25
) ("C:\Program Files\MiKTeX 2.9\tex\generic\oberdiek\pdftexcmds.sty"
Package: pdftexcmds 2017/03/19 v0.25 Utility functions of pdfTeX for LuaTeX (HO
)

("C:\Program Files\MiKTeX 2.9\tex\generic\oberdiek\ifluatex.sty"
Package: ifluatex 2016/05/16 v1.4 Provides the ifluatex switch (HO)
Package ifluatex Info: LuaTeX not detected.
)
Package pdftexcmds Info: LuaTeX not detected.
Package pdftexcmds Info: \pdf@primitive is available.
Package pdftexcmds Info: \pdf@ifprimitive is available.
Package pdftexcmds Info: \pdfdraftmode found.
)
("C:\Program Files\MiKTeX 2.9\tex\latex\oberdiek\epstopdf-base.sty"
Package: epstopdf-base 2016/05/15 v2.6 Base part for package epstopdf

("C:\Program Files\MiKTeX 2.9\tex\latex\oberdiek\grfext.sty"
Package: grfext 2016/05/16 v1.2 Manage graphics extensions (HO)

("C:\Program Files\MiKTeX 2.9\tex\generic\oberdiek\kvdefinekeys.sty"
Package: kvdefinekeys 2016/05/16 v1.4 Define keys (HO)
))
("C:\Program Files\MiKTeX 2.9\tex\latex\oberdiek\kvoptions.sty"
Package: kvoptions 2016/05/16 v3.12 Key value format for package options (HO)

("C:\Program Files\MiKTeX 2.9\tex\generic\oberdiek\kvsetkeys.sty"
Package: kvsetkeys 2016/05/16 v1.17 Key value parser (HO)

("C:\Program Files\MiKTeX 2.9\tex\generic\oberdiek\etexcmds.sty"
Package: etexcmds 2016/05/16 v1.6 Avoid name clashes with e-TeX commands (HO)
Package etexcmds Info: Could not find \expanded.
(etexcmds)             That can mean that you are not using pdfTeX 1.50 or
(etexcmds)             that some package has redefined \expanded.
(etexcmds)             In the latter case, load this package earlier.
)))
Package epstopdf-base Info: Redefining graphics rule for `.eps' on input line 4
38.
Package grfext Info: Graphics extension search list:
(grfext)             [.png,.pdf,.jpg,.mps,.jpeg,.jbig2,.jb2,.PNG,.PDF,.JPG,.JPE
G,.JBIG2,.JB2,.eps]
(grfext)             \AppendGraphicsExtensions on input line 456.
)
LaTeX Font Info:    Try loading font information for OT1+ptmcm on input line 75
.

("C:\Program Files\MiKTeX 2.9\tex\latex\psnfss\ot1ptmcm.fd"
File: ot1ptmcm.fd 2000/01/03 Fontinst v1.801 font definitions for OT1/ptmcm.
)
LaTeX Font Info:    Try loading font information for OML+ptmcm on input line 75
.

("C:\Program Files\MiKTeX 2.9\tex\latex\psnfss\omlptmcm.fd"
File: omlptmcm.fd 2000/01/03 Fontinst v1.801 font definitions for OML/ptmcm.
)
LaTeX Font Info:    Try loading font information for OMS+pzccm on input line 75
.

("C:\Program Files\MiKTeX 2.9\tex\latex\psnfss\omspzccm.fd"
File: omspzccm.fd 2000/01/03 Fontinst v1.801 font definitions for OMS/pzccm.
)
LaTeX Font Info:    Try loading font information for OMX+psycm on input line 75
.

("C:\Program Files\MiKTeX 2.9\tex\latex\psnfss\omxpsycm.fd"
File: omxpsycm.fd 2000/01/03 Fontinst v1.801 font definitions for OMX/psycm.
)
LaTeX Font Info:    Try loading font information for OT1+ptm on input line 75.

("C:\Program Files\MiKTeX 2.9\tex\latex\psnfss\ot1ptm.fd"
File: ot1ptm.fd 2001/06/04 font definitions for OT1/ptm.
)
LaTeX Font Info:    Font shape `OT1/ptm/bx/n' in size <10.95> not available
(Font)              Font shape `OT1/ptm/b/n' tried instead on input line 75.
LaTeX Font Info:    Font shape `OT1/ptm/bx/n' in size <8> not available
(Font)              Font shape `OT1/ptm/b/n' tried instead on input line 75.
LaTeX Font Info:    Font shape `OT1/ptm/bx/n' in size <6> not available
(Font)              Font shape `OT1/ptm/b/n' tried instead on input line 75.

Underfull \hbox (badness 10000) detected at line 75
[]
 []

LaTeX Font Info:    Try loading font information for T1+phv on input line 75.
("C:\Program Files\MiKTeX 2.9\tex\latex\psnfss\t1phv.fd"
File: t1phv.fd 2001/06/04 scalable font definitions for T1/phv.
)
Overfull \hbox (39.74762pt too wide) in paragraph at lines 75--75
 [] 
 []

LaTeX Font Info:    Font shape `T1/ptm/bx/it' in size <10.95> not available
(Font)              Font shape `T1/ptm/b/it' tried instead on input line 79.

Underfull \hbox (badness 1168) in paragraph at lines 80--86
\T1/ptm/m/it/10.95 clas-si-fi-ca-tion al-go-rithm to de-tect anoma-lies in the
 []


Underfull \hbox (badness 10000) in paragraph at lines 80--86

 []


Underfull \hbox (badness 2351) in paragraph at lines 80--86
\T1/ptm/m/it/10.95 Key-words -- In-tru-sion De-tec-tion Sys-tem, Ar-ti-fi-cial
 []

LaTeX Font Info:    Font shape `T1/ptm/bx/n' in size <10.95> not available
(Font)              Font shape `T1/ptm/b/n' tried instead on input line 89.
LaTeX Font Info:    Font shape `OT1/ptm/bx/n' in size <9> not available
(Font)              Font shape `OT1/ptm/b/n' tried instead on input line 97.
LaTeX Font Info:    Font shape `OT1/ptm/bx/n' in size <7> not available
(Font)              Font shape `OT1/ptm/b/n' tried instead on input line 97.
LaTeX Font Info:    Font shape `OT1/ptm/bx/n' in size <5> not available
(Font)              Font shape `OT1/ptm/b/n' tried instead on input line 97.

Overfull \vbox (11.16168pt too high) has occurred while \output is active []


[1{C:/ProgramData/MiKTeX/2.9/pdftex/config/pdftex.map}


]
Underfull \hbox (badness 10000) in paragraph at lines 136--166

 []


Underfull \hbox (badness 1221) in paragraph at lines 136--166
\T1/ptm/m/it/10.95 Feedforward Neu-ral Net-work \T1/ptm/m/n/10.95 -- They con-s
ist of a
 []


Underfull \hbox (badness 10000) in paragraph at lines 136--166

 []


Underfull \hbox (badness 1603) in paragraph at lines 136--166
\T1/ptm/m/it/10.95 Radial ba-sis func-tion \T1/ptm/m/n/10.95 -- Sim-i-larly to 
the pre-vi-ous
 []


Underfull \hbox (badness 10000) in paragraph at lines 136--166

 []


Underfull \hbox (badness 1902) in paragraph at lines 136--166
\T1/ptm/m/it/10.95 Clustering Tech-nique \T1/ptm/m/n/10.95 -- Clus-ter-ing data
 is an ex-
 []

<Methodology2.png, id=11, 345.29pt x 925.4575pt>
File: Methodology2.png Graphic file (type png)
 <use Methodology2.png>
Package pdftex.def Info: Methodology2.png used on input line 181.
(pdftex.def)             Requested size: 86.32228pt x 231.3638pt.

Underfull \hbox (badness 1902) in paragraph at lines 185--185
[][]\T1/ptm/m/n/9 DARPA stands for De-fense Ad-vanced Re-search Projects
 []


Underfull \hbox (badness 10000) in paragraph at lines 178--240

 []


Underfull \hbox (badness 1810) in paragraph at lines 178--240
\T1/ptm/m/it/10.95 1. Dataset \T1/ptm/m/n/10.95 -- The dataset used for train-i
ng the
 []


Underfull \hbox (badness 10000) in paragraph at lines 178--240

 []


Underfull \hbox (badness 10000) in paragraph at lines 178--240

 []


Underfull \hbox (badness 10000) in paragraph at lines 178--240

 []


Underfull \hbox (badness 10000) in paragraph at lines 178--240

 []


Underfull \hbox (badness 10000) in paragraph at lines 178--240

 []


Underfull \hbox (badness 1286) in paragraph at lines 178--240
\T1/ptm/m/n/10.95 The whole map-ping pro-cess took al-most 45 min-
 []


Underfull \hbox (badness 10000) in paragraph at lines 178--240

 []


Underfull \hbox (badness 10000) in paragraph at lines 178--240

 []


Underfull \hbox (badness 10000) in paragraph at lines 178--240

 []


Underfull \hbox (badness 2277) in paragraph at lines 178--240
\T1/ptm/m/it/10.95 6. Clas-si-fi-ca-tion tech-niques \T1/ptm/m/n/10.95 -- For t
he anal-y-sis,
 []


Overfull \vbox (8.41446pt too high) has occurred while \output is active []


[2 <./Methodology2.png>]
Underfull \vbox (badness 10000) has occurred while \output is active []


<ANN_model2.png, id=17, 302.63063pt x 84.315pt>
File: ANN_model2.png Graphic file (type png)
 <use ANN_model2.png>
Package pdftex.def Info: ANN_model2.png used on input line 244.
(pdftex.def)             Requested size: 242.10483pt x 67.45207pt.

Overfull \hbox (0.72275pt too wide) in paragraph at lines 244--245
 [][] 
 []


Underfull \hbox (badness 3690) in paragraph at lines 241--249
[]\T1/ptm/m/n/10.95 The tests have been con-ducted em-ploy-ing a
 []


Underfull \hbox (badness 10000) in paragraph at lines 241--249

 []

[3 <./ANN_model2.png>]
Underfull \hbox (badness 10000) in paragraph at lines 267--268

 []


Underfull \hbox (badness 2213) in paragraph at lines 271--272
[]\T1/ptm/m/n/10.95 attacks scan-ning com-puter net-works to gather
 []


Underfull \hbox (badness 10000) in paragraph at lines 271--272

 []


Underfull \hbox (badness 1168) in paragraph at lines 275--276
\T1/ptm/m/n/10.95 lo-cal ac-cess through by-pass-ing nor-mal au-then-
 []


Underfull \hbox (badness 10000) in paragraph at lines 275--276

 []


Underfull \hbox (badness 10000) in paragraph at lines 279--280

 []

<class_label2.png, id=23, 421.575pt x 316.18124pt>
File: class_label2.png Graphic file (type png)
 <use class_label2.png>
Package pdftex.def Info: class_label2.png used on input line 309.
(pdftex.def)             Requested size: 219.22025pt x 164.41519pt.

Overfull \vbox (13.47081pt too high) has occurred while \output is active []


[4 <./class_label2.png (PNG copy)>]
<Variance_estimation.png, id=27, 421.575pt x 316.18124pt>
File: Variance_estimation.png Graphic file (type png)

<use Variance_estimation.png>
Package pdftex.def Info: Variance_estimation.png used on input line 327.
(pdftex.def)             Requested size: 219.22025pt x 164.41519pt.
 <PCA_RBF.png, id=28, 421.575pt x 316.18124pt>
File: PCA_RBF.png Graphic file (type png)

<use PCA_RBF.png>
Package pdftex.def Info: PCA_RBF.png used on input line 336.
(pdftex.def)             Requested size: 219.22025pt x 164.41519pt.

Underfull \hbox (badness 1194) in paragraph at lines 333--340
[]\T1/ptm/m/n/10.95 Using the clas-si-fi-ca-tion tech-niques, we ex-per-i-
 []


LaTeX Warning: `h' float specifier changed to `ht'.


Underfull \hbox (badness 10000) in paragraph at lines 374--394

 []


Underfull \hbox (badness 10000) in paragraph at lines 374--394

 []


Underfull \vbox (badness 3536) has occurred while \output is active []

 [5 <./Variance_estimation.png (PNG copy)> <./PCA_RBF.png (PNG copy)>]
Underfull \hbox (badness 10000) in paragraph at lines 407--427

 []


Underfull \hbox (badness 10000) in paragraph at lines 407--427

 []


Underfull \vbox (badness 10000) has occurred while \output is active []


Underfull \hbox (badness 1701) in paragraph at lines 432--437
\T1/ptm/m/n/10.95 Map with an hexag-o-nal topol-ogy to build a two
 []


Underfull \hbox (badness 10000) in paragraph at lines 432--437

 []


Underfull \hbox (badness 2698) in paragraph at lines 432--437
\T1/ptm/m/it/10.95 Assigning La-bels \T1/ptm/m/n/10.95 -- In or-der to as-sign 
la-bels to
 []


Underfull \hbox (badness 10000) in paragraph at lines 432--437

 []


Underfull \hbox (badness 6063) in paragraph at lines 432--437
\T1/ptm/m/it/10.95 Pattern vi-su-al-iza-tion \T1/ptm/m/n/10.95 -- To vi-su-al-i
ze the clus-ter
 []

[6] <U-Matrix2.png, id=36, 421.575pt x 316.18124pt>
File: U-Matrix2.png Graphic file (type png)
 <use U-Matrix2.png>
Package pdftex.def Info: U-Matrix2.png used on input line 442.
(pdftex.def)             Requested size: 265.59364pt x 199.19524pt.

Overfull \hbox (24.21156pt too wide) in paragraph at lines 442--443
 [][] 
 []

<U-Matrix_features.png, id=37, 526.96875pt x 526.96875pt>
File: U-Matrix_features.png Graphic file (type png)

<use U-Matrix_features.png>
Package pdftex.def Info: U-Matrix_features.png used on input line 451.
(pdftex.def)             Requested size: 263.48372pt x 263.48372pt.

Overfull \hbox (22.10164pt too wide) in paragraph at lines 451--452
 [][] 
 []


Underfull \hbox (badness 10000) in paragraph at lines 448--456

 []


LaTeX Warning: `h' float specifier changed to `ht'.


Underfull \hbox (badness 10000) in paragraph at lines 457--477

 []


Underfull \hbox (badness 10000) in paragraph at lines 457--477

 []


Underfull \vbox (badness 10000) has occurred while \output is active []

 [7 <./U-Matrix2.png> <./U-Matrix_features.png (PNG copy)>]
<Comparison_graph.png, id=43, 421.575pt x 316.18124pt>
File: Comparison_graph.png Graphic file (type png)

<use Comparison_graph.png>
Package pdftex.def Info: Comparison_graph.png used on input line 511.
(pdftex.def)             Requested size: 219.22025pt x 164.41519pt.


LaTeX Warning: `h' float specifier changed to `ht'.

[8 <./Comparison_graph.png (PNG copy)>]
Overfull \vbox (14.76534pt too high) has occurred while \output is active []


[9]
Underfull \hbox (badness 1596) in paragraph at lines 610--611
\T1/ptm/m/n/10.95 Faisal Muham-mad Shah, Saikat Chakraborty "FP-
 []


Underfull \hbox (badness 3058) in paragraph at lines 616--617
[]\T1/ptm/m/n/10.95 [7] Yacine Bouzida, Fred-eric Cup-pens, Nora
 []

[10

] (asme2ej.aux)

LaTeX Warning: There were multiply-defined labels.

 ) 
Here is how much of TeX's memory you used:
 3479 strings out of 493323
 45737 string characters out of 3139034
 130145 words of memory out of 3000000
 6932 multiletter control sequences out of 15000+200000
 60103 words of font info for 89 fonts, out of 3000000 for 9000
 1141 hyphenation exceptions out of 8191
 39i,11n,43p,957b,367s stack positions out of 5000i,500n,10000p,200000b,50000s
{C:/Program Files/MiKTeX 2.9/fonts/enc/dvips/base/8r.enc}<C:/Program Files/Mi
KTeX 2.9/fonts/type1/public/amsfonts/cm/cmmi10.pfb><C:/Program Files/MiKTeX 2.9
/fonts/type1/public/amsfonts/cm/cmr10.pfb><C:/Program Files/MiKTeX 2.9/fonts/ty
pe1/urw/helvetic/uhvb8a.pfb><C:/Program Files/MiKTeX 2.9/fonts/type1/urw/helvet
ic/uhvr8a.pfb><C:/Program Files/MiKTeX 2.9/fonts/type1/urw/times/utmb8a.pfb><C:
/Program Files/MiKTeX 2.9/fonts/type1/urw/times/utmbi8a.pfb><C:/Program Files/M
iKTeX 2.9/fonts/type1/urw/times/utmr8a.pfb><C:/Program Files/MiKTeX 2.9/fonts/t
ype1/urw/times/utmri8a.pfb>
Output written on asme2ej.pdf (10 pages, 407693 bytes).
PDF statistics:
 80 PDF objects out of 1000 (max. 8388607)
 0 named destinations out of 1000 (max. 500000)
 41 words of extra memory for PDF output out of 10000 (max. 10000000)

